------------------------2019-02-22 19:55:31.2403------------------------
                     ERROR ------------!!!E X C E P T I O N!!!------------
 Cannot open database "TashTracker1" requested by the login. The login failed.
Login failed for user 'DESKTOP-MKVETFI\Iskandar'.
                        
    в System.Data.SqlClient.SqlInternalConnectionTds..ctor(DbConnectionPoolIdentity identity, SqlConnectionString connectionOptions, SqlCredential credential, Object providerInfo, String newPassword, SecureString newSecurePassword, Boolean redirectedUserInstance, SqlConnectionString userConnectionOptions, SessionData reconnectSessionData, DbConnectionPool pool, String accessToken, Boolean applyTransientFaultHandling)
   в System.Data.SqlClient.SqlConnectionFactory.CreateConnection(DbConnectionOptions options, DbConnectionPoolKey poolKey, Object poolGroupProviderInfo, DbConnectionPool pool, DbConnection owningConnection, DbConnectionOptions userOptions)
   в System.Data.ProviderBase.DbConnectionFactory.CreatePooledConnection(DbConnectionPool pool, DbConnection owningObject, DbConnectionOptions options, DbConnectionPoolKey poolKey, DbConnectionOptions userOptions)
   в System.Data.ProviderBase.DbConnectionPool.CreateObject(DbConnection owningObject, DbConnectionOptions userOptions, DbConnectionInternal oldConnection)
   в System.Data.ProviderBase.DbConnectionPool.UserCreateRequest(DbConnection owningObject, DbConnectionOptions userOptions, DbConnectionInternal oldConnection)
   в System.Data.ProviderBase.DbConnectionPool.TryGetConnection(DbConnection owningObject, UInt32 waitForMultipleObjectsTimeout, Boolean allowCreate, Boolean onlyOneCheckConnection, DbConnectionOptions userOptions, DbConnectionInternal& connection)
   в System.Data.ProviderBase.DbConnectionPool.TryGetConnection(DbConnection owningObject, TaskCompletionSource`1 retry, DbConnectionOptions userOptions, DbConnectionInternal& connection)
   в System.Data.ProviderBase.DbConnectionFactory.TryGetConnection(DbConnection owningConnection, TaskCompletionSource`1 retry, DbConnectionOptions userOptions, DbConnectionInternal oldConnection, DbConnectionInternal& connection)
   в System.Data.ProviderBase.DbConnectionInternal.TryOpenConnectionInternal(DbConnection outerConnection, DbConnectionFactory connectionFactory, TaskCompletionSource`1 retry, DbConnectionOptions userOptions)
   в System.Data.ProviderBase.DbConnectionClosed.TryOpenConnection(DbConnection outerConnection, DbConnectionFactory connectionFactory, TaskCompletionSource`1 retry, DbConnectionOptions userOptions)
   в System.Data.SqlClient.SqlConnection.TryOpenInner(TaskCompletionSource`1 retry)
   в System.Data.SqlClient.SqlConnection.TryOpen(TaskCompletionSource`1 retry)
   в System.Data.SqlClient.SqlConnection.Open()
   в System.Data.Linq.SqlClient.SqlConnectionManager.UseConnection(IConnectionUser user)
   в System.Data.Linq.SqlClient.SqlProvider.get_IsSqlCe()
   в System.Data.Linq.SqlClient.SqlProvider.InitializeProviderMode()
   в System.Data.Linq.SqlClient.SqlProvider.System.Data.Linq.Provider.IProvider.Execute(Expression query)
   в System.Data.Linq.DataQuery`1.System.Collections.Generic.IEnumerable<T>.GetEnumerator()
   в System.Collections.Generic.List`1..ctor(IEnumerable`1 collection)
   в System.Linq.Enumerable.ToList[TSource](IEnumerable`1 source)
   в ColorMixERP.Server.DAL.ProductDalFacade.GetProducts() в C:\Users\Iskandar\documents\visual studio 2015\Projects\ColorMixERP\ColorMixERP.Server\DAL\ProductDalFacade.cs:строка 45
   в ColorMixERP.Server.BL.ProductBL.GetProducts() в C:\Users\Iskandar\documents\visual studio 2015\Projects\ColorMixERP\ColorMixERP.Server\BL\ProductBL.cs:строка 16
   в ColorMixERP.Controllers.ProductsController.GetProduct() в C:\Users\Iskandar\documents\visual studio 2015\Projects\ColorMixERP\ColorMixERP\Controllers\ProductsController.cs:строка 23

